#! /usr/bin/vvp
:ivl_version "11.0 (stable)";
:ivl_delay_selection "TYPICAL";
:vpi_time_precision - 9;
:vpi_module "/usr/lib/x86_64-linux-gnu/ivl/system.vpi";
:vpi_module "/usr/lib/x86_64-linux-gnu/ivl/vhdl_sys.vpi";
:vpi_module "/usr/lib/x86_64-linux-gnu/ivl/vhdl_textio.vpi";
:vpi_module "/usr/lib/x86_64-linux-gnu/ivl/v2005_math.vpi";
:vpi_module "/usr/lib/x86_64-linux-gnu/ivl/va_math.vpi";
S_0x64630ab57e10 .scope module, "gate3_test" "gate3_test" 2 2;
 .timescale -9 -9;
v0x64630ab6cb60_0 .var "a", 0 0;
v0x64630ab6cc20_0 .var "b", 0 0;
v0x64630ab6ccf0_0 .var "c", 0 0;
v0x64630ab6cdf0_0 .net "z", 0 0, L_0x64630ab6cec0;  1 drivers
S_0x64630ab57fa0 .scope module, "g" "kadai10_2" 2 5, 3 1 0, S_0x64630ab57e10;
 .timescale 0 0;
    .port_info 0 /INPUT 1 "a";
    .port_info 1 /INPUT 1 "b";
    .port_info 2 /INPUT 1 "c";
    .port_info 3 /OUTPUT 1 "z";
v0x64630ab6c780_0 .net "a", 0 0, v0x64630ab6cb60_0;  1 drivers
v0x64630ab6c860_0 .net "b", 0 0, v0x64630ab6cc20_0;  1 drivers
v0x64630ab6c920_0 .net "c", 0 0, v0x64630ab6ccf0_0;  1 drivers
v0x64630ab6c9f0_0 .net "z", 0 0, L_0x64630ab6cec0;  alias, 1 drivers
L_0x64630ab6cec0 .ufunc/vec4 TD_gate3_test.g.MDC, 1, v0x64630ab6cb60_0, v0x64630ab6cc20_0, v0x64630ab6ccf0_0 (v0x64630ab6c560_0, v0x64630ab6c620_0, v0x64630ab6c6c0_0) S_0x64630ab46800;
S_0x64630ab46800 .scope function.vec4.s1, "MDC" "MDC" 3 6, 3 6 0, S_0x64630ab57fa0;
 .timescale 0 0;
; Variable MDC is vec4 return value of scope S_0x64630ab46800
v0x64630ab6c560_0 .var "a", 0 0;
v0x64630ab6c620_0 .var "b", 0 0;
v0x64630ab6c6c0_0 .var "c", 0 0;
TD_gate3_test.g.MDC ;
    %load/vec4 v0x64630ab6c560_0;
    %load/vec4 v0x64630ab6c620_0;
    %and;
    %load/vec4 v0x64630ab6c620_0;
    %load/vec4 v0x64630ab6c6c0_0;
    %and;
    %or;
    %load/vec4 v0x64630ab6c6c0_0;
    %load/vec4 v0x64630ab6c560_0;
    %and;
    %or;
    %ret/vec4 0, 0, 1;  Assign to MDC (store_vec4_to_lval)
    %end;
    .scope S_0x64630ab57e10;
T_1 ;
    %vpi_call 2 7 "$dumpfile", "gate3_test.vcd" {0 0 0};
    %vpi_call 2 8 "$dumpvars", 32'sb00000000000000000000000000000000, S_0x64630ab57e10 {0 0 0};
    %vpi_call 2 9 "$monitor", "a = %b, b = %b, c = %b, z = %b", v0x64630ab6cb60_0, v0x64630ab6cc20_0, v0x64630ab6ccf0_0, v0x64630ab6cdf0_0 {0 0 0};
    %pushi/vec4 0, 0, 1;
    %store/vec4 v0x64630ab6cb60_0, 0, 1;
    %pushi/vec4 0, 0, 1;
    %store/vec4 v0x64630ab6cc20_0, 0, 1;
    %pushi/vec4 0, 0, 1;
    %store/vec4 v0x64630ab6ccf0_0, 0, 1;
    %delay 10, 0;
    %pushi/vec4 1, 0, 1;
    %store/vec4 v0x64630ab6ccf0_0, 0, 1;
    %delay 10, 0;
    %pushi/vec4 0, 0, 1;
    %store/vec4 v0x64630ab6ccf0_0, 0, 1;
    %pushi/vec4 1, 0, 1;
    %store/vec4 v0x64630ab6cc20_0, 0, 1;
    %delay 10, 0;
    %pushi/vec4 1, 0, 1;
    %store/vec4 v0x64630ab6ccf0_0, 0, 1;
    %delay 10, 0;
    %pushi/vec4 0, 0, 1;
    %store/vec4 v0x64630ab6ccf0_0, 0, 1;
    %pushi/vec4 0, 0, 1;
    %store/vec4 v0x64630ab6cc20_0, 0, 1;
    %pushi/vec4 1, 0, 1;
    %store/vec4 v0x64630ab6cb60_0, 0, 1;
    %delay 10, 0;
    %pushi/vec4 1, 0, 1;
    %store/vec4 v0x64630ab6ccf0_0, 0, 1;
    %delay 10, 0;
    %pushi/vec4 0, 0, 1;
    %store/vec4 v0x64630ab6ccf0_0, 0, 1;
    %pushi/vec4 1, 0, 1;
    %store/vec4 v0x64630ab6cc20_0, 0, 1;
    %delay 10, 0;
    %pushi/vec4 1, 0, 1;
    %store/vec4 v0x64630ab6ccf0_0, 0, 1;
    %delay 10, 0;
    %vpi_call 2 18 "$finish" {0 0 0};
    %end;
    .thread T_1;
# The file index is used to find the file name in the following table.
:file_names 4;
    "N/A";
    "<interactive>";
    "./gate3_test.v";
    "./function.v";
