#! /usr/bin/vvp
:ivl_version "11.0 (stable)";
:ivl_delay_selection "TYPICAL";
:vpi_time_precision - 9;
:vpi_module "/usr/lib/x86_64-linux-gnu/ivl/system.vpi";
:vpi_module "/usr/lib/x86_64-linux-gnu/ivl/vhdl_sys.vpi";
:vpi_module "/usr/lib/x86_64-linux-gnu/ivl/vhdl_textio.vpi";
:vpi_module "/usr/lib/x86_64-linux-gnu/ivl/v2005_math.vpi";
:vpi_module "/usr/lib/x86_64-linux-gnu/ivl/va_math.vpi";
S_0x5d6f11ea1af0 .scope module, "circuit_test" "circuit_test" 2 2;
 .timescale -9 -9;
v0x5d6f11eb3ee0_0 .var "x1", 0 0;
v0x5d6f11eb3f80_0 .var "x2", 0 0;
v0x5d6f11eb4050_0 .net "z", 0 0, L_0x5d6f11eb43c0;  1 drivers
S_0x5d6f11ea1c80 .scope module, "f" "circuit" 2 5, 3 1 0, S_0x5d6f11ea1af0;
 .timescale 0 0;
    .port_info 0 /INPUT 1 "x1";
    .port_info 1 /INPUT 1 "x2";
    .port_info 2 /OUTPUT 1 "z";
L_0x5d6f11eb4150 .functor NOR 1, v0x5d6f11eb3ee0_0, v0x5d6f11eb3f80_0, C4<0>, C4<0>;
L_0x5d6f11eb4290 .functor AND 1, v0x5d6f11eb3ee0_0, L_0x5d6f11eb4150, C4<1>, C4<1>;
L_0x5d6f11eb4350 .functor AND 1, v0x5d6f11eb3f80_0, L_0x5d6f11eb4150, C4<1>, C4<1>;
L_0x5d6f11eb43c0 .functor OR 1, L_0x5d6f11eb4290, L_0x5d6f11eb4350, C4<0>, C4<0>;
v0x5d6f11e8f1d0_0 .net "w1", 0 0, L_0x5d6f11eb4150;  1 drivers
v0x5d6f11eb3a70_0 .net "w2", 0 0, L_0x5d6f11eb4290;  1 drivers
v0x5d6f11eb3b30_0 .net "w3", 0 0, L_0x5d6f11eb4350;  1 drivers
v0x5d6f11eb3bd0_0 .net "x1", 0 0, v0x5d6f11eb3ee0_0;  1 drivers
v0x5d6f11eb3c90_0 .net "x2", 0 0, v0x5d6f11eb3f80_0;  1 drivers
v0x5d6f11eb3da0_0 .net "z", 0 0, L_0x5d6f11eb43c0;  alias, 1 drivers
    .scope S_0x5d6f11ea1af0;
T_0 ;
    %pushi/vec4 0, 0, 1;
    %store/vec4 v0x5d6f11eb3ee0_0, 0, 1;
    %pushi/vec4 0, 0, 1;
    %store/vec4 v0x5d6f11eb3f80_0, 0, 1;
    %vpi_call 2 8 "$dumpfile", "main.vcd" {0 0 0};
    %vpi_call 2 9 "$dumpvars", 32'sb00000000000000000000000000000000, S_0x5d6f11ea1af0 {0 0 0};
    %vpi_call 2 10 "$monitor", "x1=%b x2=%b z=%b", v0x5d6f11eb3ee0_0, v0x5d6f11eb3f80_0, v0x5d6f11eb4050_0 {0 0 0};
    %delay 10, 0;
    %pushi/vec4 0, 0, 1;
    %store/vec4 v0x5d6f11eb3ee0_0, 0, 1;
    %pushi/vec4 0, 0, 1;
    %store/vec4 v0x5d6f11eb3f80_0, 0, 1;
    %delay 10, 0;
    %pushi/vec4 0, 0, 1;
    %store/vec4 v0x5d6f11eb3ee0_0, 0, 1;
    %pushi/vec4 1, 0, 1;
    %store/vec4 v0x5d6f11eb3f80_0, 0, 1;
    %delay 10, 0;
    %pushi/vec4 1, 0, 1;
    %store/vec4 v0x5d6f11eb3ee0_0, 0, 1;
    %pushi/vec4 0, 0, 1;
    %store/vec4 v0x5d6f11eb3f80_0, 0, 1;
    %delay 10, 0;
    %pushi/vec4 1, 0, 1;
    %store/vec4 v0x5d6f11eb3ee0_0, 0, 1;
    %pushi/vec4 1, 0, 1;
    %store/vec4 v0x5d6f11eb3f80_0, 0, 1;
    %vpi_call 2 18 "$finish" {0 0 0};
    %end;
    .thread T_0;
# The file index is used to find the file name in the following table.
:file_names 4;
    "N/A";
    "<interactive>";
    "./main.v";
    "./circuit.v";
