#! /usr/bin/vvp
:ivl_version "11.0 (stable)";
:ivl_delay_selection "TYPICAL";
:vpi_time_precision + 0;
:vpi_module "/usr/lib/x86_64-linux-gnu/ivl/system.vpi";
:vpi_module "/usr/lib/x86_64-linux-gnu/ivl/vhdl_sys.vpi";
:vpi_module "/usr/lib/x86_64-linux-gnu/ivl/vhdl_textio.vpi";
:vpi_module "/usr/lib/x86_64-linux-gnu/ivl/v2005_math.vpi";
:vpi_module "/usr/lib/x86_64-linux-gnu/ivl/va_math.vpi";
S_0x56dd7dd436a0 .scope module, "DFF_test" "DFF_test" 2 1;
 .timescale 0 0;
v0x56dd7dd68920_0 .var "CK", 0 0;
v0x56dd7dd689f0_0 .var "D", 0 0;
v0x56dd7dd68ac0_0 .net "Q", 0 0, v0x56dd7dd68800_0;  1 drivers
S_0x56dd7dd57050 .scope module, "dff" "DFF" 2 4, 3 1 0, S_0x56dd7dd436a0;
 .timescale 0 0;
    .port_info 0 /INPUT 1 "CK";
    .port_info 1 /INPUT 1 "D";
    .port_info 2 /OUTPUT 1 "Q";
v0x56dd7dd1f7b0_0 .net "CK", 0 0, v0x56dd7dd68920_0;  1 drivers
v0x56dd7dd1fba0_0 .net "D", 0 0, v0x56dd7dd689f0_0;  1 drivers
v0x56dd7dd68800_0 .var "Q", 0 0;
E_0x56dd7dd1e4a0 .event posedge, v0x56dd7dd1f7b0_0;
    .scope S_0x56dd7dd57050;
T_0 ;
    %wait E_0x56dd7dd1e4a0;
    %load/vec4 v0x56dd7dd1fba0_0;
    %assign/vec4 v0x56dd7dd68800_0, 0;
    %jmp T_0;
    .thread T_0;
    .scope S_0x56dd7dd436a0;
T_1 ;
    %delay 10, 0;
    %load/vec4 v0x56dd7dd68920_0;
    %inv;
    %store/vec4 v0x56dd7dd68920_0, 0, 1;
    %jmp T_1;
    .thread T_1;
    .scope S_0x56dd7dd436a0;
T_2 ;
    %vpi_call 2 7 "$dumpfile", "DFF_test.vcd" {0 0 0};
    %vpi_call 2 8 "$dumpvars", 32'sb00000000000000000000000000000000, S_0x56dd7dd436a0 {0 0 0};
    %pushi/vec4 0, 0, 1;
    %store/vec4 v0x56dd7dd68920_0, 0, 1;
    %pushi/vec4 0, 0, 1;
    %store/vec4 v0x56dd7dd689f0_0, 0, 1;
    %delay 0, 0;
    %pushi/vec4 1, 0, 1;
    %store/vec4 v0x56dd7dd68920_0, 0, 1;
    %pushi/vec4 0, 0, 1;
    %store/vec4 v0x56dd7dd68920_0, 0, 1;
    %delay 24, 0;
    %pushi/vec4 1, 0, 1;
    %store/vec4 v0x56dd7dd689f0_0, 0, 1;
    %delay 24, 0;
    %pushi/vec4 0, 0, 1;
    %store/vec4 v0x56dd7dd689f0_0, 0, 1;
    %delay 24, 0;
    %pushi/vec4 1, 0, 1;
    %store/vec4 v0x56dd7dd689f0_0, 0, 1;
    %delay 24, 0;
    %pushi/vec4 0, 0, 1;
    %store/vec4 v0x56dd7dd689f0_0, 0, 1;
    %delay 24, 0;
    %vpi_call 2 15 "$finish" {0 0 0};
    %end;
    .thread T_2;
# The file index is used to find the file name in the following table.
:file_names 4;
    "N/A";
    "<interactive>";
    "./kadai10_5_test.v";
    "./dff.v";
