#! /usr/bin/vvp
:ivl_version "11.0 (stable)";
:ivl_delay_selection "TYPICAL";
:vpi_time_precision - 9;
:vpi_module "/usr/lib/x86_64-linux-gnu/ivl/system.vpi";
:vpi_module "/usr/lib/x86_64-linux-gnu/ivl/vhdl_sys.vpi";
:vpi_module "/usr/lib/x86_64-linux-gnu/ivl/vhdl_textio.vpi";
:vpi_module "/usr/lib/x86_64-linux-gnu/ivl/v2005_math.vpi";
:vpi_module "/usr/lib/x86_64-linux-gnu/ivl/va_math.vpi";
S_0x6387eae64bb0 .scope module, "my_mux_test" "my_mux_test" 2 2;
 .timescale -9 -9;
v0x6387eae7ae00_0 .var "a", 0 0;
v0x6387eae7aec0_0 .var "b", 0 0;
v0x6387eae7af90_0 .var "s", 0 0;
v0x6387eae7b090_0 .net "y", 0 0, L_0x6387eae7b420;  1 drivers
S_0x6387eae64d40 .scope module, "f" "my_mux" 2 5, 3 1 0, S_0x6387eae64bb0;
 .timescale 0 0;
    .port_info 0 /INPUT 1 "a";
    .port_info 1 /INPUT 1 "b";
    .port_info 2 /INPUT 1 "s";
    .port_info 3 /OUTPUT 1 "y";
L_0x6387eae7b160 .functor NOT 1, v0x6387eae7af90_0, C4<0>, C4<0>, C4<0>;
L_0x6387eae7b250 .functor AND 1, v0x6387eae7ae00_0, L_0x6387eae7b160, C4<1>, C4<1>;
L_0x6387eae7b360 .functor AND 1, v0x6387eae7aec0_0, v0x6387eae7af90_0, C4<1>, C4<1>;
L_0x6387eae7b420 .functor OR 1, L_0x6387eae7b250, L_0x6387eae7b360, C4<0>, C4<0>;
v0x6387eae53880_0 .net "a", 0 0, v0x6387eae7ae00_0;  1 drivers
v0x6387eae7a8a0_0 .net "a_and", 0 0, L_0x6387eae7b250;  1 drivers
v0x6387eae7a960_0 .net "b", 0 0, v0x6387eae7aec0_0;  1 drivers
v0x6387eae7aa30_0 .net "b_and", 0 0, L_0x6387eae7b360;  1 drivers
v0x6387eae7aaf0_0 .net "s", 0 0, v0x6387eae7af90_0;  1 drivers
v0x6387eae7ac00_0 .net "sel_bar", 0 0, L_0x6387eae7b160;  1 drivers
v0x6387eae7acc0_0 .net "y", 0 0, L_0x6387eae7b420;  alias, 1 drivers
    .scope S_0x6387eae64bb0;
T_0 ;
    %pushi/vec4 0, 0, 1;
    %store/vec4 v0x6387eae7ae00_0, 0, 1;
    %pushi/vec4 0, 0, 1;
    %store/vec4 v0x6387eae7aec0_0, 0, 1;
    %pushi/vec4 0, 0, 1;
    %store/vec4 v0x6387eae7af90_0, 0, 1;
    %vpi_call 2 9 "$dumpfile", "main.vcd" {0 0 0};
    %vpi_call 2 10 "$dumpvars", 32'sb00000000000000000000000000000000, S_0x6387eae64bb0 {0 0 0};
    %vpi_call 2 11 "$monitor", "a=%b b=%b s=%b y=%b", v0x6387eae7ae00_0, v0x6387eae7aec0_0, v0x6387eae7af90_0, v0x6387eae7b090_0 {0 0 0};
    %pushi/vec4 0, 0, 1;
    %store/vec4 v0x6387eae7ae00_0, 0, 1;
    %pushi/vec4 0, 0, 1;
    %store/vec4 v0x6387eae7aec0_0, 0, 1;
    %pushi/vec4 0, 0, 1;
    %store/vec4 v0x6387eae7af90_0, 0, 1;
    %delay 10, 0;
    %pushi/vec4 0, 0, 1;
    %store/vec4 v0x6387eae7ae00_0, 0, 1;
    %pushi/vec4 1, 0, 1;
    %store/vec4 v0x6387eae7aec0_0, 0, 1;
    %pushi/vec4 0, 0, 1;
    %store/vec4 v0x6387eae7af90_0, 0, 1;
    %delay 10, 0;
    %pushi/vec4 1, 0, 1;
    %store/vec4 v0x6387eae7ae00_0, 0, 1;
    %pushi/vec4 0, 0, 1;
    %store/vec4 v0x6387eae7aec0_0, 0, 1;
    %pushi/vec4 0, 0, 1;
    %store/vec4 v0x6387eae7af90_0, 0, 1;
    %delay 10, 0;
    %pushi/vec4 1, 0, 1;
    %store/vec4 v0x6387eae7ae00_0, 0, 1;
    %pushi/vec4 1, 0, 1;
    %store/vec4 v0x6387eae7aec0_0, 0, 1;
    %pushi/vec4 0, 0, 1;
    %store/vec4 v0x6387eae7af90_0, 0, 1;
    %delay 10, 0;
    %pushi/vec4 0, 0, 1;
    %store/vec4 v0x6387eae7ae00_0, 0, 1;
    %pushi/vec4 0, 0, 1;
    %store/vec4 v0x6387eae7aec0_0, 0, 1;
    %pushi/vec4 1, 0, 1;
    %store/vec4 v0x6387eae7af90_0, 0, 1;
    %delay 10, 0;
    %pushi/vec4 0, 0, 1;
    %store/vec4 v0x6387eae7ae00_0, 0, 1;
    %pushi/vec4 1, 0, 1;
    %store/vec4 v0x6387eae7aec0_0, 0, 1;
    %pushi/vec4 1, 0, 1;
    %store/vec4 v0x6387eae7af90_0, 0, 1;
    %delay 10, 0;
    %pushi/vec4 1, 0, 1;
    %store/vec4 v0x6387eae7ae00_0, 0, 1;
    %pushi/vec4 0, 0, 1;
    %store/vec4 v0x6387eae7aec0_0, 0, 1;
    %pushi/vec4 1, 0, 1;
    %store/vec4 v0x6387eae7af90_0, 0, 1;
    %delay 10, 0;
    %pushi/vec4 1, 0, 1;
    %store/vec4 v0x6387eae7ae00_0, 0, 1;
    %pushi/vec4 1, 0, 1;
    %store/vec4 v0x6387eae7aec0_0, 0, 1;
    %pushi/vec4 1, 0, 1;
    %store/vec4 v0x6387eae7af90_0, 0, 1;
    %delay 10, 0;
    %vpi_call 2 22 "$finish" {0 0 0};
    %end;
    .thread T_0;
# The file index is used to find the file name in the following table.
:file_names 4;
    "N/A";
    "<interactive>";
    "./main.v";
    "./circuit.v";
