#! /usr/bin/vvp
:ivl_version "11.0 (stable)";
:ivl_delay_selection "TYPICAL";
:vpi_time_precision - 9;
:vpi_module "/usr/lib/x86_64-linux-gnu/ivl/system.vpi";
:vpi_module "/usr/lib/x86_64-linux-gnu/ivl/vhdl_sys.vpi";
:vpi_module "/usr/lib/x86_64-linux-gnu/ivl/vhdl_textio.vpi";
:vpi_module "/usr/lib/x86_64-linux-gnu/ivl/v2005_math.vpi";
:vpi_module "/usr/lib/x86_64-linux-gnu/ivl/va_math.vpi";
S_0x5de0a12fd200 .scope module, "kadai09_6_test" "kadai09_6_test" 2 2;
 .timescale -9 -9;
v0x5de0a1312f50_0 .var "a", 1 0;
v0x5de0a1313040_0 .var "b", 1 0;
v0x5de0a1313110_0 .net "z", 3 0, L_0x5de0a1313210;  1 drivers
S_0x5de0a12fd390 .scope module, "k" "kadai09_6_1" 2 6, 3 1 0, S_0x5de0a12fd200;
 .timescale 0 0;
    .port_info 0 /INPUT 2 "a";
    .port_info 1 /INPUT 2 "b";
    .port_info 2 /OUTPUT 4 "z";
v0x5de0a12c57b0_0 .net "a", 1 0, v0x5de0a1312f50_0;  1 drivers
v0x5de0a12c5ba0_0 .net "b", 1 0, v0x5de0a1313040_0;  1 drivers
v0x5de0a1312e10_0 .net "z", 3 0, L_0x5de0a1313210;  alias, 1 drivers
L_0x5de0a1313210 .concat [ 2 2 0 0], v0x5de0a1313040_0, v0x5de0a1312f50_0;
    .scope S_0x5de0a12fd200;
T_0 ;
    %vpi_call 2 9 "$dumpfile", "kadai09_6_test.vcd" {0 0 0};
    %vpi_call 2 10 "$dumpvars", 32'sb00000000000000000000000000000000, S_0x5de0a12fd200 {0 0 0};
    %vpi_call 2 11 "$monitor", "%t: a = %b, b = %b, z = %b", $time, v0x5de0a1312f50_0, v0x5de0a1313040_0, v0x5de0a1313110_0 {0 0 0};
    %pushi/vec4 0, 0, 2;
    %store/vec4 v0x5de0a1312f50_0, 0, 2;
    %pushi/vec4 0, 0, 2;
    %store/vec4 v0x5de0a1313040_0, 0, 2;
    %delay 10, 0;
    %pushi/vec4 1, 0, 2;
    %store/vec4 v0x5de0a1312f50_0, 0, 2;
    %delay 10, 0;
    %pushi/vec4 2, 0, 2;
    %store/vec4 v0x5de0a1312f50_0, 0, 2;
    %delay 10, 0;
    %pushi/vec4 3, 0, 2;
    %store/vec4 v0x5de0a1312f50_0, 0, 2;
    %delay 10, 0;
    %pushi/vec4 0, 0, 2;
    %store/vec4 v0x5de0a1312f50_0, 0, 2;
    %pushi/vec4 1, 0, 2;
    %store/vec4 v0x5de0a1313040_0, 0, 2;
    %delay 10, 0;
    %pushi/vec4 1, 0, 2;
    %store/vec4 v0x5de0a1312f50_0, 0, 2;
    %delay 10, 0;
    %pushi/vec4 2, 0, 2;
    %store/vec4 v0x5de0a1312f50_0, 0, 2;
    %delay 10, 0;
    %pushi/vec4 3, 0, 2;
    %store/vec4 v0x5de0a1312f50_0, 0, 2;
    %delay 10, 0;
    %pushi/vec4 0, 0, 2;
    %store/vec4 v0x5de0a1312f50_0, 0, 2;
    %pushi/vec4 2, 0, 2;
    %store/vec4 v0x5de0a1313040_0, 0, 2;
    %delay 10, 0;
    %pushi/vec4 1, 0, 2;
    %store/vec4 v0x5de0a1312f50_0, 0, 2;
    %delay 10, 0;
    %pushi/vec4 2, 0, 2;
    %store/vec4 v0x5de0a1312f50_0, 0, 2;
    %delay 10, 0;
    %pushi/vec4 3, 0, 2;
    %store/vec4 v0x5de0a1312f50_0, 0, 2;
    %delay 10, 0;
    %pushi/vec4 0, 0, 2;
    %store/vec4 v0x5de0a1312f50_0, 0, 2;
    %pushi/vec4 3, 0, 2;
    %store/vec4 v0x5de0a1313040_0, 0, 2;
    %delay 10, 0;
    %pushi/vec4 1, 0, 2;
    %store/vec4 v0x5de0a1312f50_0, 0, 2;
    %delay 10, 0;
    %pushi/vec4 2, 0, 2;
    %store/vec4 v0x5de0a1312f50_0, 0, 2;
    %delay 10, 0;
    %pushi/vec4 3, 0, 2;
    %store/vec4 v0x5de0a1312f50_0, 0, 2;
    %delay 10, 0;
    %vpi_call 2 28 "$finish" {0 0 0};
    %end;
    .thread T_0;
# The file index is used to find the file name in the following table.
:file_names 4;
    "N/A";
    "<interactive>";
    "./kadai09_6_test.v";
    "./circuit.v";
