#! /usr/bin/vvp
:ivl_version "11.0 (stable)";
:ivl_delay_selection "TYPICAL";
:vpi_time_precision + 0;
:vpi_module "/usr/lib/x86_64-linux-gnu/ivl/system.vpi";
:vpi_module "/usr/lib/x86_64-linux-gnu/ivl/vhdl_sys.vpi";
:vpi_module "/usr/lib/x86_64-linux-gnu/ivl/vhdl_textio.vpi";
:vpi_module "/usr/lib/x86_64-linux-gnu/ivl/v2005_math.vpi";
:vpi_module "/usr/lib/x86_64-linux-gnu/ivl/va_math.vpi";
S_0x59889d954070 .scope module, "demux14_test" "demux14_test" 2 1;
 .timescale 0 0;
v0x59889d966b70_0 .var "a", 0 0;
v0x59889d966c40_0 .var "s", 1 0;
v0x59889d966d10_0 .net "z", 3 0, L_0x59889d966e10;  1 drivers
S_0x59889d954200 .scope module, "f" "demux14" 2 6, 3 1 0, S_0x59889d954070;
 .timescale 0 0;
    .port_info 0 /INPUT 1 "a";
    .port_info 1 /INPUT 2 "s";
    .port_info 2 /OUTPUT 4 "z";
v0x59889d966840_0 .net "a", 0 0, v0x59889d966b70_0;  1 drivers
v0x59889d966920_0 .net "s", 1 0, v0x59889d966c40_0;  1 drivers
v0x59889d966a00_0 .net "z", 3 0, L_0x59889d966e10;  alias, 1 drivers
L_0x59889d966e10 .ufunc/vec4 TD_demux14_test.f.demux, 4, v0x59889d966b70_0, v0x59889d966c40_0 (v0x59889d91aba0_0, v0x59889d966780_0) S_0x59889d940c20;
S_0x59889d940c20 .scope function.vec4.s4, "demux" "demux" 3 6, 3 6 0, S_0x59889d954200;
 .timescale 0 0;
v0x59889d91aba0_0 .var "a", 0 0;
; Variable demux is vec4 return value of scope S_0x59889d940c20
v0x59889d966780_0 .var "s", 1 0;
TD_demux14_test.f.demux ;
    %load/vec4 v0x59889d966780_0;
    %dup/vec4;
    %pushi/vec4 0, 0, 2;
    %cmp/u;
    %jmp/1 T_0.0, 6;
    %dup/vec4;
    %pushi/vec4 1, 0, 2;
    %cmp/u;
    %jmp/1 T_0.1, 6;
    %dup/vec4;
    %pushi/vec4 2, 0, 2;
    %cmp/u;
    %jmp/1 T_0.2, 6;
    %dup/vec4;
    %pushi/vec4 3, 0, 2;
    %cmp/u;
    %jmp/1 T_0.3, 6;
    %pushi/vec4 15, 15, 4;
    %ret/vec4 0, 0, 4;  Assign to demux (store_vec4_to_lval)
    %jmp T_0.5;
T_0.0 ;
    %pushi/vec4 0, 0, 3;
    %load/vec4 v0x59889d91aba0_0;
    %concat/vec4; draw_concat_vec4
    %ret/vec4 0, 0, 4;  Assign to demux (store_vec4_to_lval)
    %jmp T_0.5;
T_0.1 ;
    %pushi/vec4 0, 0, 2;
    %load/vec4 v0x59889d91aba0_0;
    %concat/vec4; draw_concat_vec4
    %concati/vec4 0, 0, 1;
    %ret/vec4 0, 0, 4;  Assign to demux (store_vec4_to_lval)
    %jmp T_0.5;
T_0.2 ;
    %pushi/vec4 0, 0, 1;
    %load/vec4 v0x59889d91aba0_0;
    %concat/vec4; draw_concat_vec4
    %concati/vec4 0, 0, 2;
    %ret/vec4 0, 0, 4;  Assign to demux (store_vec4_to_lval)
    %jmp T_0.5;
T_0.3 ;
    %load/vec4 v0x59889d91aba0_0;
    %concati/vec4 0, 0, 3;
    %ret/vec4 0, 0, 4;  Assign to demux (store_vec4_to_lval)
    %jmp T_0.5;
T_0.5 ;
    %pop/vec4 1;
    %end;
    .scope S_0x59889d954070;
T_1 ;
    %pushi/vec4 1, 0, 1;
    %store/vec4 v0x59889d966b70_0, 0, 1;
    %pushi/vec4 0, 0, 2;
    %store/vec4 v0x59889d966c40_0, 0, 2;
    %vpi_call 2 11 "$display", "a: %b", v0x59889d966b70_0 {0 0 0};
    %vpi_call 2 12 "$monitor", "s: %b z: %b", v0x59889d966c40_0, v0x59889d966d10_0 {0 0 0};
    %delay 10, 0;
    %pushi/vec4 1, 0, 2;
    %store/vec4 v0x59889d966c40_0, 0, 2;
    %delay 10, 0;
    %pushi/vec4 2, 0, 2;
    %store/vec4 v0x59889d966c40_0, 0, 2;
    %delay 10, 0;
    %pushi/vec4 3, 0, 2;
    %store/vec4 v0x59889d966c40_0, 0, 2;
    %end;
    .thread T_1;
# The file index is used to find the file name in the following table.
:file_names 4;
    "N/A";
    "<interactive>";
    "./kadai12_5_test.v";
    "./demux14.v";
