#! /usr/bin/vvp
:ivl_version "11.0 (stable)";
:ivl_delay_selection "TYPICAL";
:vpi_time_precision + 0;
:vpi_module "/usr/lib/x86_64-linux-gnu/ivl/system.vpi";
:vpi_module "/usr/lib/x86_64-linux-gnu/ivl/vhdl_sys.vpi";
:vpi_module "/usr/lib/x86_64-linux-gnu/ivl/vhdl_textio.vpi";
:vpi_module "/usr/lib/x86_64-linux-gnu/ivl/v2005_math.vpi";
:vpi_module "/usr/lib/x86_64-linux-gnu/ivl/va_math.vpi";
S_0x6306fb7d0e10 .scope module, "operation_test" "operation_test" 2 1;
 .timescale 0 0;
v0x6306fb7d2350_0 .var "A", 3 0;
v0x6306fb7d27b0_0 .var "B", 3 0;
    .scope S_0x6306fb7d0e10;
T_0 ;
    %pushi/vec4 7, 0, 4;
    %store/vec4 v0x6306fb7d2350_0, 0, 4;
    %pushi/vec4 5, 0, 4;
    %store/vec4 v0x6306fb7d27b0_0, 0, 4;
    %load/vec4 v0x6306fb7d2350_0;
    %load/vec4 v0x6306fb7d27b0_0;
    %add;
    %vpi_call 2 5 "$display", "1) %b", S<0,vec4,u4> {1 0 0};
    %load/vec4 v0x6306fb7d2350_0;
    %load/vec4 v0x6306fb7d27b0_0;
    %sub;
    %vpi_call 2 6 "$display", "2) %b", S<0,vec4,u4> {1 0 0};
    %load/vec4 v0x6306fb7d2350_0;
    %load/vec4 v0x6306fb7d27b0_0;
    %and;
    %vpi_call 2 7 "$display", "3) %b", S<0,vec4,u4> {1 0 0};
    %load/vec4 v0x6306fb7d2350_0;
    %load/vec4 v0x6306fb7d27b0_0;
    %xor;
    %vpi_call 2 8 "$display", "4) %b", S<0,vec4,u4> {1 0 0};
    %load/vec4 v0x6306fb7d2350_0;
    %pushi/vec4 0, 0, 4;
    %cmp/ne;
    %flag_get/vec4 4;
    %load/vec4 v0x6306fb7d27b0_0;
    %pushi/vec4 0, 0, 4;
    %cmp/ne;
    %flag_get/vec4 4;
    %and;
    %vpi_call 2 9 "$display", "5) %b", S<0,vec4,u1> {1 0 0};
    %load/vec4 v0x6306fb7d2350_0;
    %ix/load 4, 1, 0;
    %flag_set/imm 4, 0;
    %shiftl 4;
    %vpi_call 2 10 "$display", "6) %b", S<0,vec4,u4> {1 0 0};
    %load/vec4 v0x6306fb7d2350_0;
    %inv;
    %vpi_call 2 11 "$display", "7) %b", S<0,vec4,u4> {1 0 0};
    %load/vec4 v0x6306fb7d2350_0;
    %and/r;
    %vpi_call 2 12 "$display", "8) %b", S<0,vec4,u1> {1 0 0};
    %load/vec4 v0x6306fb7d2350_0;
    %load/vec4 v0x6306fb7d27b0_0;
    %cmp/e;
    %flag_get/vec4 4;
    %vpi_call 2 13 "$display", "9) %b", S<0,vec4,u1> {1 0 0};
    %load/vec4 v0x6306fb7d2350_0;
    %load/vec4 v0x6306fb7d27b0_0;
    %concat/vec4; draw_concat_vec4
    %vpi_call 2 14 "$display", "10) %b", S<0,vec4,u8> {1 0 0};
    %load/vec4 v0x6306fb7d2350_0;
    %load/vec4 v0x6306fb7d27b0_0;
    %cmp/u;
    %flag_or 5, 4;
    %flag_mov 8, 5;
    %jmp/0 T_0.0, 8;
    %load/vec4 v0x6306fb7d2350_0;
    %jmp/1 T_0.1, 8;
T_0.0 ; End of true expr.
    %load/vec4 v0x6306fb7d27b0_0;
    %jmp/0 T_0.1, 8;
 ; End of false expr.
    %blend;
T_0.1;
    %vpi_call 2 15 "$display", "11) %b", S<0,vec4,u4> {1 0 0};
    %vpi_call 2 16 "$finish" {0 0 0};
    %end;
    .thread T_0;
# The file index is used to find the file name in the following table.
:file_names 3;
    "N/A";
    "<interactive>";
    "./main.v";
