#! /usr/bin/vvp
:ivl_version "11.0 (stable)";
:ivl_delay_selection "TYPICAL";
:vpi_time_precision + 0;
:vpi_module "/usr/lib/x86_64-linux-gnu/ivl/system.vpi";
:vpi_module "/usr/lib/x86_64-linux-gnu/ivl/vhdl_sys.vpi";
:vpi_module "/usr/lib/x86_64-linux-gnu/ivl/vhdl_textio.vpi";
:vpi_module "/usr/lib/x86_64-linux-gnu/ivl/v2005_math.vpi";
:vpi_module "/usr/lib/x86_64-linux-gnu/ivl/va_math.vpi";
S_0x5936b5b7adc0 .scope module, "sample_test" "sample_test" 2 1;
 .timescale 0 0;
v0x5936b5bcdc70_0 .var "a", 7 0;
v0x5936b5bcdd50_0 .var "b", 7 0;
v0x5936b5bcde20_0 .var "c", 7 0;
v0x5936b5bcdf20_0 .var "d", 7 0;
v0x5936b5bcdff0_0 .var "s", 1 0;
v0x5936b5bce0e0_0 .net "z", 7 0, L_0x5936b5bce1b0;  1 drivers
S_0x5936b5b7af50 .scope module, "f" "kadai10_4_1" 2 6, 3 1 0, S_0x5936b5b7adc0;
 .timescale 0 0;
    .port_info 0 /INPUT 2 "s";
    .port_info 1 /INPUT 8 "a";
    .port_info 2 /INPUT 8 "b";
    .port_info 3 /INPUT 8 "c";
    .port_info 4 /INPUT 8 "d";
    .port_info 5 /OUTPUT 8 "z";
v0x5936b5bcd620_0 .net "a", 7 0, v0x5936b5bcdc70_0;  1 drivers
v0x5936b5bcd720_0 .net "b", 7 0, v0x5936b5bcdd50_0;  1 drivers
v0x5936b5bcd800_0 .net "c", 7 0, v0x5936b5bcde20_0;  1 drivers
v0x5936b5bcd8c0_0 .net "d", 7 0, v0x5936b5bcdf20_0;  1 drivers
v0x5936b5bcd9a0_0 .net "s", 1 0, v0x5936b5bcdff0_0;  1 drivers
v0x5936b5bcdad0_0 .net "z", 7 0, L_0x5936b5bce1b0;  alias, 1 drivers
L_0x5936b5bce1b0 .ufunc/vec4 TD_sample_test.f.mux4, 8, v0x5936b5bcdff0_0, v0x5936b5bcdc70_0, v0x5936b5bcdd50_0, v0x5936b5bcde20_0, v0x5936b5bcdf20_0 (v0x5936b5bcd540_0, v0x5936b5bb7340_0, v0x5936b5bcd190_0, v0x5936b5bcd270_0, v0x5936b5bcd330_0) S_0x5936b5bb7160;
S_0x5936b5bb7160 .scope function.vec4.s8, "mux4" "mux4" 3 7, 3 7 0, S_0x5936b5b7af50;
 .timescale 0 0;
v0x5936b5bb7340_0 .var "a", 7 0;
v0x5936b5bcd190_0 .var "b", 7 0;
v0x5936b5bcd270_0 .var "c", 7 0;
v0x5936b5bcd330_0 .var "d", 7 0;
; Variable mux4 is vec4 return value of scope S_0x5936b5bb7160
v0x5936b5bcd540_0 .var "s", 1 0;
TD_sample_test.f.mux4 ;
    %load/vec4 v0x5936b5bcd540_0;
    %cmpi/e 0, 0, 2;
    %jmp/0xz  T_0.0, 4;
    %load/vec4 v0x5936b5bb7340_0;
    %ret/vec4 0, 0, 8;  Assign to mux4 (store_vec4_to_lval)
    %jmp T_0.1;
T_0.0 ;
    %load/vec4 v0x5936b5bcd540_0;
    %cmpi/e 1, 0, 2;
    %jmp/0xz  T_0.2, 4;
    %load/vec4 v0x5936b5bcd190_0;
    %ret/vec4 0, 0, 8;  Assign to mux4 (store_vec4_to_lval)
    %jmp T_0.3;
T_0.2 ;
    %load/vec4 v0x5936b5bcd540_0;
    %cmpi/e 2, 0, 2;
    %jmp/0xz  T_0.4, 4;
    %load/vec4 v0x5936b5bcd270_0;
    %ret/vec4 0, 0, 8;  Assign to mux4 (store_vec4_to_lval)
    %jmp T_0.5;
T_0.4 ;
    %load/vec4 v0x5936b5bcd540_0;
    %cmpi/e 3, 0, 2;
    %jmp/0xz  T_0.6, 4;
    %load/vec4 v0x5936b5bcd330_0;
    %ret/vec4 0, 0, 8;  Assign to mux4 (store_vec4_to_lval)
T_0.6 ;
T_0.5 ;
T_0.3 ;
T_0.1 ;
    %end;
    .scope S_0x5936b5b7adc0;
T_1 ;
    %pushi/vec4 0, 0, 8;
    %store/vec4 v0x5936b5bcdc70_0, 0, 8;
    %pushi/vec4 15, 0, 8;
    %store/vec4 v0x5936b5bcdd50_0, 0, 8;
    %pushi/vec4 240, 0, 8;
    %store/vec4 v0x5936b5bcde20_0, 0, 8;
    %pushi/vec4 255, 0, 8;
    %store/vec4 v0x5936b5bcdf20_0, 0, 8;
    %pushi/vec4 0, 0, 2;
    %store/vec4 v0x5936b5bcdff0_0, 0, 2;
    %delay 10, 0;
    %vpi_call 2 14 "$display", "a: %b", v0x5936b5bcdc70_0 {0 0 0};
    %vpi_call 2 15 "$display", "b: %b", v0x5936b5bcdd50_0 {0 0 0};
    %vpi_call 2 16 "$display", "c: %b", v0x5936b5bcde20_0 {0 0 0};
    %vpi_call 2 17 "$display", "d: %b", v0x5936b5bcdf20_0 {0 0 0};
    %vpi_call 2 18 "$display", "s: %b z: %b", v0x5936b5bcdff0_0, v0x5936b5bce0e0_0 {0 0 0};
    %delay 10, 0;
    %pushi/vec4 1, 0, 2;
    %store/vec4 v0x5936b5bcdff0_0, 0, 2;
    %delay 10, 0;
    %vpi_call 2 20 "$display", "s: %b z: %b", v0x5936b5bcdff0_0, v0x5936b5bce0e0_0 {0 0 0};
    %delay 10, 0;
    %pushi/vec4 2, 0, 2;
    %store/vec4 v0x5936b5bcdff0_0, 0, 2;
    %delay 10, 0;
    %vpi_call 2 22 "$display", "s: %b z: %b", v0x5936b5bcdff0_0, v0x5936b5bce0e0_0 {0 0 0};
    %delay 10, 0;
    %pushi/vec4 3, 0, 2;
    %store/vec4 v0x5936b5bcdff0_0, 0, 2;
    %delay 10, 0;
    %vpi_call 2 24 "$display", "s: %b z: %b", v0x5936b5bcdff0_0, v0x5936b5bce0e0_0 {0 0 0};
    %end;
    .thread T_1;
# The file index is used to find the file name in the following table.
:file_names 4;
    "N/A";
    "<interactive>";
    "./kadai10_4_test.v";
    "./mux4.v";
