#! /usr/bin/vvp
:ivl_version "11.0 (stable)";
:ivl_delay_selection "TYPICAL";
:vpi_time_precision - 9;
:vpi_module "/usr/lib/x86_64-linux-gnu/ivl/system.vpi";
:vpi_module "/usr/lib/x86_64-linux-gnu/ivl/vhdl_sys.vpi";
:vpi_module "/usr/lib/x86_64-linux-gnu/ivl/vhdl_textio.vpi";
:vpi_module "/usr/lib/x86_64-linux-gnu/ivl/v2005_math.vpi";
:vpi_module "/usr/lib/x86_64-linux-gnu/ivl/va_math.vpi";
S_0x5b76ec9523a0 .scope module, "circuit_test" "circuit_test" 2 12;
 .timescale -9 -9;
v0x5b76ec967f90_0 .var "x1", 0 0;
v0x5b76ec968050_0 .var "x2", 0 0;
v0x5b76ec968120_0 .var "x3", 0 0;
v0x5b76ec968220_0 .net "z", 0 0, L_0x5b76ec968430;  1 drivers
S_0x5b76ec952530 .scope module, "f" "circuit" 2 15, 2 3 0, S_0x5b76ec9523a0;
 .timescale -9 -9;
    .port_info 0 /INPUT 1 "x1";
    .port_info 1 /INPUT 1 "x2";
    .port_info 2 /INPUT 1 "x3";
    .port_info 3 /OUTPUT 1 "z";
L_0x5b76ec9682f0 .functor AND 1, v0x5b76ec968120_0, v0x5b76ec968050_0, C4<1>, C4<1>;
L_0x5b76ec968430 .functor OR 1, v0x5b76ec967f90_0, L_0x5b76ec9682f0, C4<0>, C4<0>;
v0x5b76ec91aba0_0 .net "w1", 0 0, L_0x5b76ec9682f0;  1 drivers
v0x5b76ec967bb0_0 .net "x1", 0 0, v0x5b76ec967f90_0;  1 drivers
v0x5b76ec967c70_0 .net "x2", 0 0, v0x5b76ec968050_0;  1 drivers
v0x5b76ec967d40_0 .net "x3", 0 0, v0x5b76ec968120_0;  1 drivers
v0x5b76ec967e00_0 .net "z", 0 0, L_0x5b76ec968430;  alias, 1 drivers
    .scope S_0x5b76ec9523a0;
T_0 ;
    %pushi/vec4 0, 0, 1;
    %store/vec4 v0x5b76ec967f90_0, 0, 1;
    %pushi/vec4 0, 0, 1;
    %store/vec4 v0x5b76ec968050_0, 0, 1;
    %pushi/vec4 0, 0, 1;
    %store/vec4 v0x5b76ec968120_0, 0, 1;
    %vpi_call 2 18 "$dumpfile", "1.vcd" {0 0 0};
    %vpi_call 2 19 "$dumpvars", 32'sb00000000000000000000000000000000, S_0x5b76ec9523a0 {0 0 0};
    %vpi_call 2 20 "$monitor", "x1=%b x2=%b x3=%b z=%b", v0x5b76ec967f90_0, v0x5b76ec968050_0, v0x5b76ec968120_0, v0x5b76ec968220_0 {0 0 0};
    %delay 10, 0;
    %pushi/vec4 0, 0, 1;
    %store/vec4 v0x5b76ec967f90_0, 0, 1;
    %pushi/vec4 0, 0, 1;
    %store/vec4 v0x5b76ec968050_0, 0, 1;
    %pushi/vec4 0, 0, 1;
    %store/vec4 v0x5b76ec968120_0, 0, 1;
    %delay 10, 0;
    %pushi/vec4 0, 0, 1;
    %store/vec4 v0x5b76ec967f90_0, 0, 1;
    %pushi/vec4 0, 0, 1;
    %store/vec4 v0x5b76ec968050_0, 0, 1;
    %pushi/vec4 1, 0, 1;
    %store/vec4 v0x5b76ec968120_0, 0, 1;
    %delay 10, 0;
    %pushi/vec4 0, 0, 1;
    %store/vec4 v0x5b76ec967f90_0, 0, 1;
    %pushi/vec4 1, 0, 1;
    %store/vec4 v0x5b76ec968050_0, 0, 1;
    %pushi/vec4 0, 0, 1;
    %store/vec4 v0x5b76ec968120_0, 0, 1;
    %delay 10, 0;
    %pushi/vec4 0, 0, 1;
    %store/vec4 v0x5b76ec967f90_0, 0, 1;
    %pushi/vec4 1, 0, 1;
    %store/vec4 v0x5b76ec968050_0, 0, 1;
    %pushi/vec4 1, 0, 1;
    %store/vec4 v0x5b76ec968120_0, 0, 1;
    %delay 10, 0;
    %pushi/vec4 1, 0, 1;
    %store/vec4 v0x5b76ec967f90_0, 0, 1;
    %pushi/vec4 0, 0, 1;
    %store/vec4 v0x5b76ec968050_0, 0, 1;
    %pushi/vec4 0, 0, 1;
    %store/vec4 v0x5b76ec968120_0, 0, 1;
    %delay 10, 0;
    %pushi/vec4 1, 0, 1;
    %store/vec4 v0x5b76ec967f90_0, 0, 1;
    %pushi/vec4 0, 0, 1;
    %store/vec4 v0x5b76ec968050_0, 0, 1;
    %pushi/vec4 1, 0, 1;
    %store/vec4 v0x5b76ec968120_0, 0, 1;
    %delay 10, 0;
    %pushi/vec4 1, 0, 1;
    %store/vec4 v0x5b76ec967f90_0, 0, 1;
    %pushi/vec4 1, 0, 1;
    %store/vec4 v0x5b76ec968050_0, 0, 1;
    %pushi/vec4 0, 0, 1;
    %store/vec4 v0x5b76ec968120_0, 0, 1;
    %delay 10, 0;
    %pushi/vec4 1, 0, 1;
    %store/vec4 v0x5b76ec967f90_0, 0, 1;
    %pushi/vec4 1, 0, 1;
    %store/vec4 v0x5b76ec968050_0, 0, 1;
    %pushi/vec4 1, 0, 1;
    %store/vec4 v0x5b76ec968120_0, 0, 1;
    %vpi_call 2 32 "$finish" {0 0 0};
    %end;
    .thread T_0;
# The file index is used to find the file name in the following table.
:file_names 3;
    "N/A";
    "<interactive>";
    "/home/kazu/school/2025/HDL/08/kadai5/1.v";
