#! /usr/bin/vvp
:ivl_version "11.0 (stable)";
:ivl_delay_selection "TYPICAL";
:vpi_time_precision - 9;
:vpi_module "/usr/lib/x86_64-linux-gnu/ivl/system.vpi";
:vpi_module "/usr/lib/x86_64-linux-gnu/ivl/vhdl_sys.vpi";
:vpi_module "/usr/lib/x86_64-linux-gnu/ivl/vhdl_textio.vpi";
:vpi_module "/usr/lib/x86_64-linux-gnu/ivl/v2005_math.vpi";
:vpi_module "/usr/lib/x86_64-linux-gnu/ivl/va_math.vpi";
S_0x56196d0a7af0 .scope module, "circuit_test" "circuit_test" 2 15;
 .timescale -9 -9;
v0x56196d0b9e60_0 .var "x1", 0 0;
v0x56196d0b9f00_0 .var "x2", 0 0;
v0x56196d0b9fd0_0 .net "z", 0 0, L_0x56196d0ba340;  1 drivers
S_0x56196d0a7c80 .scope module, "f" "circuit" 2 18, 2 3 0, S_0x56196d0a7af0;
 .timescale -9 -9;
    .port_info 0 /INPUT 1 "x1";
    .port_info 1 /INPUT 1 "x2";
    .port_info 2 /OUTPUT 1 "z";
L_0x56196d0ba0d0 .functor NOR 1, v0x56196d0b9e60_0, v0x56196d0b9f00_0, C4<0>, C4<0>;
L_0x56196d0ba210 .functor AND 1, v0x56196d0b9e60_0, L_0x56196d0ba0d0, C4<1>, C4<1>;
L_0x56196d0ba2d0 .functor AND 1, v0x56196d0b9f00_0, L_0x56196d0ba0d0, C4<1>, C4<1>;
L_0x56196d0ba340 .functor OR 1, L_0x56196d0ba210, L_0x56196d0ba2d0, C4<0>, C4<0>;
v0x56196d06dcf0_0 .net "w1", 0 0, L_0x56196d0ba0d0;  1 drivers
v0x56196d0b99f0_0 .net "w2", 0 0, L_0x56196d0ba210;  1 drivers
v0x56196d0b9ab0_0 .net "w3", 0 0, L_0x56196d0ba2d0;  1 drivers
v0x56196d0b9b50_0 .net "x1", 0 0, v0x56196d0b9e60_0;  1 drivers
v0x56196d0b9c10_0 .net "x2", 0 0, v0x56196d0b9f00_0;  1 drivers
v0x56196d0b9d20_0 .net "z", 0 0, L_0x56196d0ba340;  alias, 1 drivers
    .scope S_0x56196d0a7af0;
T_0 ;
    %pushi/vec4 0, 0, 1;
    %store/vec4 v0x56196d0b9e60_0, 0, 1;
    %pushi/vec4 0, 0, 1;
    %store/vec4 v0x56196d0b9f00_0, 0, 1;
    %vpi_call 2 21 "$dumpfile", "2.vcd" {0 0 0};
    %vpi_call 2 22 "$dumpvars", 32'sb00000000000000000000000000000000, S_0x56196d0a7af0 {0 0 0};
    %vpi_call 2 23 "$monitor", "x1=%b x2=%b z=%b", v0x56196d0b9e60_0, v0x56196d0b9f00_0, v0x56196d0b9fd0_0 {0 0 0};
    %delay 10, 0;
    %pushi/vec4 0, 0, 1;
    %store/vec4 v0x56196d0b9e60_0, 0, 1;
    %pushi/vec4 0, 0, 1;
    %store/vec4 v0x56196d0b9f00_0, 0, 1;
    %delay 10, 0;
    %pushi/vec4 0, 0, 1;
    %store/vec4 v0x56196d0b9e60_0, 0, 1;
    %pushi/vec4 1, 0, 1;
    %store/vec4 v0x56196d0b9f00_0, 0, 1;
    %delay 10, 0;
    %pushi/vec4 1, 0, 1;
    %store/vec4 v0x56196d0b9e60_0, 0, 1;
    %pushi/vec4 0, 0, 1;
    %store/vec4 v0x56196d0b9f00_0, 0, 1;
    %delay 10, 0;
    %pushi/vec4 1, 0, 1;
    %store/vec4 v0x56196d0b9e60_0, 0, 1;
    %pushi/vec4 1, 0, 1;
    %store/vec4 v0x56196d0b9f00_0, 0, 1;
    %vpi_call 2 31 "$finish" {0 0 0};
    %end;
    .thread T_0;
# The file index is used to find the file name in the following table.
:file_names 3;
    "N/A";
    "<interactive>";
    "/home/kazu/school/2025/HDL/08/kadai5/2.v";
