#! /usr/bin/vvp
:ivl_version "11.0 (stable)";
:ivl_delay_selection "TYPICAL";
:vpi_time_precision - 9;
:vpi_module "/usr/lib/x86_64-linux-gnu/ivl/system.vpi";
:vpi_module "/usr/lib/x86_64-linux-gnu/ivl/vhdl_sys.vpi";
:vpi_module "/usr/lib/x86_64-linux-gnu/ivl/vhdl_textio.vpi";
:vpi_module "/usr/lib/x86_64-linux-gnu/ivl/v2005_math.vpi";
:vpi_module "/usr/lib/x86_64-linux-gnu/ivl/va_math.vpi";
S_0x608a744333a0 .scope module, "circuit_test" "circuit_test" 2 2;
 .timescale -9 -9;
v0x608a74449010_0 .var "x1", 0 0;
v0x608a744490d0_0 .var "x2", 0 0;
v0x608a744491a0_0 .var "x3", 0 0;
v0x608a744492a0_0 .net "z", 0 0, L_0x608a744494b0;  1 drivers
S_0x608a74433530 .scope module, "f" "circuit" 2 5, 3 1 0, S_0x608a744333a0;
 .timescale 0 0;
    .port_info 0 /INPUT 1 "x1";
    .port_info 1 /INPUT 1 "x2";
    .port_info 2 /INPUT 1 "x3";
    .port_info 3 /OUTPUT 1 "z";
L_0x608a74449370 .functor AND 1, v0x608a744491a0_0, v0x608a744490d0_0, C4<1>, C4<1>;
L_0x608a744494b0 .functor OR 1, v0x608a74449010_0, L_0x608a74449370, C4<0>, C4<0>;
v0x608a743fbba0_0 .net "w1", 0 0, L_0x608a74449370;  1 drivers
v0x608a74448c30_0 .net "x1", 0 0, v0x608a74449010_0;  1 drivers
v0x608a74448cf0_0 .net "x2", 0 0, v0x608a744490d0_0;  1 drivers
v0x608a74448dc0_0 .net "x3", 0 0, v0x608a744491a0_0;  1 drivers
v0x608a74448e80_0 .net "z", 0 0, L_0x608a744494b0;  alias, 1 drivers
    .scope S_0x608a744333a0;
T_0 ;
    %pushi/vec4 0, 0, 1;
    %store/vec4 v0x608a74449010_0, 0, 1;
    %pushi/vec4 0, 0, 1;
    %store/vec4 v0x608a744490d0_0, 0, 1;
    %pushi/vec4 0, 0, 1;
    %store/vec4 v0x608a744491a0_0, 0, 1;
    %vpi_call 2 8 "$dumpfile", "main.vcd" {0 0 0};
    %vpi_call 2 9 "$dumpvars", 32'sb00000000000000000000000000000000, S_0x608a744333a0 {0 0 0};
    %vpi_call 2 10 "$monitor", "x1=%b x2=%b x3=%b z=%b", v0x608a74449010_0, v0x608a744490d0_0, v0x608a744491a0_0, v0x608a744492a0_0 {0 0 0};
    %delay 10, 0;
    %pushi/vec4 0, 0, 1;
    %store/vec4 v0x608a74449010_0, 0, 1;
    %pushi/vec4 0, 0, 1;
    %store/vec4 v0x608a744490d0_0, 0, 1;
    %pushi/vec4 0, 0, 1;
    %store/vec4 v0x608a744491a0_0, 0, 1;
    %delay 10, 0;
    %pushi/vec4 0, 0, 1;
    %store/vec4 v0x608a74449010_0, 0, 1;
    %pushi/vec4 0, 0, 1;
    %store/vec4 v0x608a744490d0_0, 0, 1;
    %pushi/vec4 1, 0, 1;
    %store/vec4 v0x608a744491a0_0, 0, 1;
    %delay 10, 0;
    %pushi/vec4 0, 0, 1;
    %store/vec4 v0x608a74449010_0, 0, 1;
    %pushi/vec4 1, 0, 1;
    %store/vec4 v0x608a744490d0_0, 0, 1;
    %pushi/vec4 0, 0, 1;
    %store/vec4 v0x608a744491a0_0, 0, 1;
    %delay 10, 0;
    %pushi/vec4 0, 0, 1;
    %store/vec4 v0x608a74449010_0, 0, 1;
    %pushi/vec4 1, 0, 1;
    %store/vec4 v0x608a744490d0_0, 0, 1;
    %pushi/vec4 1, 0, 1;
    %store/vec4 v0x608a744491a0_0, 0, 1;
    %delay 10, 0;
    %pushi/vec4 1, 0, 1;
    %store/vec4 v0x608a74449010_0, 0, 1;
    %pushi/vec4 0, 0, 1;
    %store/vec4 v0x608a744490d0_0, 0, 1;
    %pushi/vec4 0, 0, 1;
    %store/vec4 v0x608a744491a0_0, 0, 1;
    %delay 10, 0;
    %pushi/vec4 1, 0, 1;
    %store/vec4 v0x608a74449010_0, 0, 1;
    %pushi/vec4 0, 0, 1;
    %store/vec4 v0x608a744490d0_0, 0, 1;
    %pushi/vec4 1, 0, 1;
    %store/vec4 v0x608a744491a0_0, 0, 1;
    %delay 10, 0;
    %pushi/vec4 1, 0, 1;
    %store/vec4 v0x608a74449010_0, 0, 1;
    %pushi/vec4 1, 0, 1;
    %store/vec4 v0x608a744490d0_0, 0, 1;
    %pushi/vec4 0, 0, 1;
    %store/vec4 v0x608a744491a0_0, 0, 1;
    %delay 10, 0;
    %pushi/vec4 1, 0, 1;
    %store/vec4 v0x608a74449010_0, 0, 1;
    %pushi/vec4 1, 0, 1;
    %store/vec4 v0x608a744490d0_0, 0, 1;
    %pushi/vec4 1, 0, 1;
    %store/vec4 v0x608a744491a0_0, 0, 1;
    %vpi_call 2 22 "$finish" {0 0 0};
    %end;
    .thread T_0;
# The file index is used to find the file name in the following table.
:file_names 4;
    "N/A";
    "<interactive>";
    "./main.v";
    "./circuit.v";
